# JRE version: OpenJDK Runtime Environment (8.0_152) (build 1.8.0_152-release-1343-b16-5323222)
# Java VM: OpenJDK 64-Bit Server VM (25.152-b16-5323222 mixed mode linux-amd64 compressed oops)
Heap:
 PSYoungGen      total 109568K, used 96322K [0x00000000e0000000, 0x00000000e8900000, 0x0000000100000000)
  eden space 97792K, 98% used [0x00000000e0000000,0x00000000e5e108c0,0x00000000e5f80000)
  from space 11776K, 0% used [0x00000000e5f80000,0x00000000e5f80000,0x00000000e6b00000)
  to   space 12288K, 0% used [0x00000000e7d00000,0x00000000e7d00000,0x00000000e8900000)
 ParOldGen       total 104448K, used 34321K [0x00000000a0000000, 0x00000000a6600000, 0x00000000e0000000)
  object space 104448K, 32% used [0x00000000a0000000,0x00000000a2184720,0x00000000a6600000)
 Metaspace       used 61282K, capacity 63238K, committed 63512K, reserved 1103872K
  class space    used 8395K, capacity 8898K, committed 8992K, reserved 1048576K
GC Heap History (10 events):
Event: 35.248 GC heap before
{Heap before GC invocations=16 (full 2):
 PSYoungGen      total 70656K, used 62464K [0x00000000e0000000, 0x00000000e6100000, 0x0000000100000000)
  eden space 62464K, 100% used [0x00000000e0000000,0x00000000e3d00000,0x00000000e3d00000)
  from space 8192K, 0% used [0x00000000e3d00000,0x00000000e3d00000,0x00000000e4500000)
  to   space 7680K, 0% used [0x00000000e5980000,0x00000000e5980000,0x00000000e6100000)
 ParOldGen       total 67072K, used 16486K [0x00000000a0000000, 0x00000000a4180000, 0x00000000e0000000)
  object space 67072K, 24% used [0x00000000a0000000,0x00000000a1019a58,0x00000000a4180000)
 Metaspace       used 41809K, capacity 42584K, committed 42920K, reserved 1085440K
  class space    used 5709K, capacity 5962K, committed 6064K, reserved 1048576K
Event: 35.256 GC heap after
Heap after GC invocations=16 (full 2):
 PSYoungGen      total 85504K, used 7665K [0x00000000e0000000, 0x00000000e6100000, 0x0000000100000000)
  eden space 77824K, 0% used [0x00000000e0000000,0x00000000e0000000,0x00000000e4c00000)
  from space 7680K, 99% used [0x00000000e5980000,0x00000000e60fc5c8,0x00000000e6100000)
  to   space 8704K, 0% used [0x00000000e5000000,0x00000000e5000000,0x00000000e5880000)
 ParOldGen       total 67072K, used 17215K [0x00000000a0000000, 0x00000000a4180000, 0x00000000e0000000)
  object space 67072K, 25% used [0x00000000a0000000,0x00000000a10cff30,0x00000000a4180000)
 Metaspace       used 41809K, capacity 42584K, committed 42920K, reserved 1085440K
  class space    used 5709K, capacity 5962K, committed 6064K, reserved 1048576K
}
Event: 36.902 GC heap before
{Heap before GC invocations=17 (full 2):
 PSYoungGen      total 85504K, used 85489K [0x00000000e0000000, 0x00000000e6100000, 0x0000000100000000)
  eden space 77824K, 100% used [0x00000000e0000000,0x00000000e4c00000,0x00000000e4c00000)
  from space 7680K, 99% used [0x00000000e5980000,0x00000000e60fc5c8,0x00000000e6100000)
  to   space 8704K, 0% used [0x00000000e5000000,0x00000000e5000000,0x00000000e5880000)
 ParOldGen       total 67072K, used 17215K [0x00000000a0000000, 0x00000000a4180000, 0x00000000e0000000)
  object space 67072K, 25% used [0x00000000a0000000,0x00000000a10cff30,0x00000000a4180000)
 Metaspace       used 44922K, capacity 46012K, committed 46376K, reserved 1089536K
  class space    used 6071K, capacity 6351K, committed 6448K, reserved 1048576K
Event: 36.919 GC heap after
Heap after GC invocations=17 (full 2):
 PSYoungGen      total 90624K, used 8508K [0x00000000e0000000, 0x00000000e7480000, 0x0000000100000000)
  eden space 81920K, 0% used [0x00000000e0000000,0x00000000e0000000,0x00000000e5000000)
  from space 8704K, 97% used [0x00000000e5000000,0x00000000e584f070,0x00000000e5880000)
  to   space 9728K, 0% used [0x00000000e6b00000,0x00000000e6b00000,0x00000000e7480000)
 ParOldGen       total 67072K, used 21395K [0x00000000a0000000, 0x00000000a4180000, 0x00000000e0000000)
  object space 67072K, 31% used [0x00000000a0000000,0x00000000a14e4f48,0x00000000a4180000)
 Metaspace       used 44922K, capacity 46012K, committed 46376K, reserved 1089536K
  class space    used 6071K, capacity 6351K, committed 6448K, reserved 1048576K
}
Event: 39.880 GC heap before
{Heap before GC invocations=18 (full 2):
 PSYoungGen      total 90624K, used 90428K [0x00000000e0000000, 0x00000000e7480000, 0x0000000100000000)
  eden space 81920K, 100% used [0x00000000e0000000,0x00000000e5000000,0x00000000e5000000)
  from space 8704K, 97% used [0x00000000e5000000,0x00000000e584f070,0x00000000e5880000)
  to   space 9728K, 0% used [0x00000000e6b00000,0x00000000e6b00000,0x00000000e7480000)
 ParOldGen       total 67072K, used 21395K [0x00000000a0000000, 0x00000000a4180000, 0x00000000e0000000)
  object space 67072K, 31% used [0x00000000a0000000,0x00000000a14e4f48,0x00000000a4180000)
 Metaspace       used 51426K, capacity 52554K, committed 52776K, reserved 1095680K
  class space    used 6921K, capacity 7198K, committed 7216K, reserved 1048576K
Event: 39.892 GC heap after
Heap after GC invocations=18 (full 2):
 PSYoungGen      total 107520K, used 9702K [0x00000000e0000000, 0x00000000e7c00000, 0x0000000100000000)
  eden space 97792K, 0% used [0x00000000e0000000,0x00000000e0000000,0x00000000e5f80000)
  from space 9728K, 99% used [0x00000000e6b00000,0x00000000e7479808,0x00000000e7480000)
  to   space 11776K, 0% used [0x00000000e5f80000,0x00000000e5f80000,0x00000000e6b00000)
 ParOldGen       total 67072K, used 23929K [0x00000000a0000000, 0x00000000a4180000, 0x00000000e0000000)
  object space 67072K, 35% used [0x00000000a0000000,0x00000000a175e698,0x00000000a4180000)
 Metaspace       used 51426K, capacity 52554K, committed 52776K, reserved 1095680K
  class space    used 6921K, capacity 7198K, committed 7216K, reserved 1048576K
}
Event: 42.239 GC heap before
{Heap before GC invocations=19 (full 2):
 PSYoungGen      total 107520K, used 80683K [0x00000000e0000000, 0x00000000e7c00000, 0x0000000100000000)
  eden space 97792K, 72% used [0x00000000e0000000,0x00000000e45515d0,0x00000000e5f80000)
  from space 9728K, 99% used [0x00000000e6b00000,0x00000000e7479808,0x00000000e7480000)
  to   space 11776K, 0% used [0x00000000e5f80000,0x00000000e5f80000,0x00000000e6b00000)
 ParOldGen       total 67072K, used 23929K [0x00000000a0000000, 0x00000000a4180000, 0x00000000e0000000)
  object space 67072K, 35% used [0x00000000a0000000,0x00000000a175e698,0x00000000a4180000)
 Metaspace       used 57614K, capacity 59054K, committed 59160K, reserved 1099776K
  class space    used 7754K, capacity 8128K, committed 8224K, reserved 1048576K
Event: 42.254 GC heap after
Heap after GC invocations=19 (full 2):
 PSYoungGen      total 109568K, used 8374K [0x00000000e0000000, 0x00000000e8900000, 0x0000000100000000)
  eden space 97792K, 0% used [0x00000000e0000000,0x00000000e0000000,0x00000000e5f80000)
  from space 11776K, 71% used [0x00000000e5f80000,0x00000000e67adac0,0x00000000e6b00000)
  to   space 12288K, 0% used [0x00000000e7d00000,0x00000000e7d00000,0x00000000e8900000)
 ParOldGen       total 67072K, used 31405K [0x00000000a0000000, 0x00000000a4180000, 0x00000000e0000000)
  object space 67072K, 46% used [0x00000000a0000000,0x00000000a1eab608,0x00000000a4180000)
 Metaspace       used 57614K, capacity 59054K, committed 59160K, reserved 1099776K
  class space    used 7754K, capacity 8128K, committed 8224K, reserved 1048576K
}
Event: 42.254 GC heap before
{Heap before GC invocations=20 (full 3):
 PSYoungGen      total 109568K, used 8374K [0x00000000e0000000, 0x00000000e8900000, 0x0000000100000000)
  eden space 97792K, 0% used [0x00000000e0000000,0x00000000e0000000,0x00000000e5f80000)
  from space 11776K, 71% used [0x00000000e5f80000,0x00000000e67adac0,0x00000000e6b00000)
  to   space 12288K, 0% used [0x00000000e7d00000,0x00000000e7d00000,0x00000000e8900000)
 ParOldGen       total 67072K, used 31405K [0x00000000a0000000, 0x00000000a4180000, 0x00000000e0000000)
  object space 67072K, 46% used [0x00000000a0000000,0x00000000a1eab608,0x00000000a4180000)
 Metaspace       used 57614K, capacity 59054K, committed 59160K, reserved 1099776K
  class space    used 7754K, capacity 8128K, committed 8224K, reserved 1048576K
Event: 42.468 GC heap after
Heap after GC invocations=20 (full 3):
 PSYoungGen      total 109568K, used 0K [0x00000000e0000000, 0x00000000e8900000, 0x0000000100000000)
  eden space 97792K, 0% used [0x00000000e0000000,0x00000000e0000000,0x00000000e5f80000)
  from space 11776K, 0% used [0x00000000e5f80000,0x00000000e5f80000,0x00000000e6b00000)
  to   space 12288K, 0% used [0x00000000e7d00000,0x00000000e7d00000,0x00000000e8900000)
 ParOldGen       total 104448K, used 34321K [0x00000000a0000000, 0x00000000a6600000, 0x00000000e0000000)
  object space 104448K, 32% used [0x00000000a0000000,0x00000000a2184720,0x00000000a6600000)
 Metaspace       used 57614K, capacity 59054K, committed 59160K, reserved 1099776K
  class space    used 7754K, capacity 8128K, committed 8224K, reserved 1048576K
}

