# JRE version: OpenJDK Runtime Environment (8.0_152) (build 1.8.0_152-release-1343-b16-5323222)
# Java VM: OpenJDK 64-Bit Server VM (25.152-b16-5323222 mixed mode linux-amd64 compressed oops)
Heap:
 PSYoungGen      total 342016K, used 223959K [0x00000000e0000000, 0x00000000f9580000, 0x0000000100000000)
  eden space 324608K, 63% used [0x00000000e0000000,0x00000000ec9b9e08,0x00000000f3d00000)
  from space 17408K, 99% used [0x00000000f8480000,0x00000000f957c060,0x00000000f9580000)
  to   space 36864K, 0% used [0x00000000f4d80000,0x00000000f4d80000,0x00000000f7180000)
 ParOldGen       total 189952K, used 125457K [0x00000000a0000000, 0x00000000ab980000, 0x00000000e0000000)
  object space 189952K, 66% used [0x00000000a0000000,0x00000000a7a84540,0x00000000ab980000)
 Metaspace       used 115653K, capacity 124128K, committed 124312K, reserved 1157120K
  class space    used 14280K, capacity 15760K, committed 15768K, reserved 1048576K
GC Heap History (10 events):
Event: 20052.389 GC heap before
{Heap before GC invocations=122 (full 6):
 PSYoungGen      total 406528K, used 406102K [0x00000000e0000000, 0x00000000fd200000, 0x0000000100000000)
  eden space 397312K, 100% used [0x00000000e0000000,0x00000000f8400000,0x00000000f8400000)
  from space 9216K, 95% used [0x00000000f9e00000,0x00000000fa6958b0,0x00000000fa700000)
  to   space 33280K, 0% used [0x00000000fb180000,0x00000000fb180000,0x00000000fd200000)
 ParOldGen       total 189952K, used 111359K [0x00000000a0000000, 0x00000000ab980000, 0x00000000e0000000)
  object space 189952K, 58% used [0x00000000a0000000,0x00000000a6cbffa0,0x00000000ab980000)
 Metaspace       used 107910K, capacity 115322K, committed 116504K, reserved 1150976K
  class space    used 13158K, capacity 14382K, committed 14616K, reserved 1048576K
Event: 20052.410 GC heap after
Heap after GC invocations=122 (full 6):
 PSYoungGen      total 395776K, used 13972K [0x00000000e0000000, 0x00000000fbf80000, 0x0000000100000000)
  eden space 381440K, 0% used [0x00000000e0000000,0x00000000e0000000,0x00000000f7480000)
  from space 14336K, 97% used [0x00000000fb180000,0x00000000fbf253e8,0x00000000fbf80000)
  to   space 31232K, 0% used [0x00000000f8280000,0x00000000f8280000,0x00000000fa100000)
 ParOldGen       total 189952K, used 111367K [0x00000000a0000000, 0x00000000ab980000, 0x00000000e0000000)
  object space 189952K, 58% used [0x00000000a0000000,0x00000000a6cc1fa0,0x00000000ab980000)
 Metaspace       used 107910K, capacity 115322K, committed 116504K, reserved 1150976K
  class space    used 13158K, capacity 14382K, committed 14616K, reserved 1048576K
}
Event: 20134.512 GC heap before
{Heap before GC invocations=123 (full 6):
 PSYoungGen      total 395776K, used 395412K [0x00000000e0000000, 0x00000000fbf80000, 0x0000000100000000)
  eden space 381440K, 100% used [0x00000000e0000000,0x00000000f7480000,0x00000000f7480000)
  from space 14336K, 97% used [0x00000000fb180000,0x00000000fbf253e8,0x00000000fbf80000)
  to   space 31232K, 0% used [0x00000000f8280000,0x00000000f8280000,0x00000000fa100000)
 ParOldGen       total 189952K, used 111367K [0x00000000a0000000, 0x00000000ab980000, 0x00000000e0000000)
  object space 189952K, 58% used [0x00000000a0000000,0x00000000a6cc1fa0,0x00000000ab980000)
 Metaspace       used 108097K, capacity 115518K, committed 116504K, reserved 1150976K
  class space    used 13176K, capacity 14414K, committed 14616K, reserved 1048576K
Event: 20134.525 GC heap after
Heap after GC invocations=123 (full 6):
 PSYoungGen      total 378368K, used 12186K [0x00000000e0000000, 0x00000000fb200000, 0x0000000100000000)
  eden space 366080K, 0% used [0x00000000e0000000,0x00000000e0000000,0x00000000f6580000)
  from space 12288K, 99% used [0x00000000f8280000,0x00000000f8e668d8,0x00000000f8e80000)
  to   space 29696K, 0% used [0x00000000f9500000,0x00000000f9500000,0x00000000fb200000)
 ParOldGen       total 189952K, used 111375K [0x00000000a0000000, 0x00000000ab980000, 0x00000000e0000000)
  object space 189952K, 58% used [0x00000000a0000000,0x00000000a6cc3fa0,0x00000000ab980000)
 Metaspace       used 108097K, capacity 115518K, committed 116504K, reserved 1150976K
  class space    used 13176K, capacity 14414K, committed 14616K, reserved 1048576K
}
Event: 20388.288 GC heap before
{Heap before GC invocations=124 (full 6):
 PSYoungGen      total 378368K, used 378266K [0x00000000e0000000, 0x00000000fb200000, 0x0000000100000000)
  eden space 366080K, 100% used [0x00000000e0000000,0x00000000f6580000,0x00000000f6580000)
  from space 12288K, 99% used [0x00000000f8280000,0x00000000f8e668d8,0x00000000f8e80000)
  to   space 29696K, 0% used [0x00000000f9500000,0x00000000f9500000,0x00000000fb200000)
 ParOldGen       total 189952K, used 111375K [0x00000000a0000000, 0x00000000ab980000, 0x00000000e0000000)
  object space 189952K, 58% used [0x00000000a0000000,0x00000000a6cc3fa0,0x00000000ab980000)
 Metaspace       used 108147K, capacity 115594K, committed 116504K, reserved 1150976K
  class space    used 13176K, capacity 14414K, committed 14616K, reserved 1048576K
Event: 20388.305 GC heap after
Heap after GC invocations=124 (full 6):
 PSYoungGen      total 371200K, used 19429K [0x00000000e0000000, 0x00000000fa800000, 0x0000000100000000)
  eden space 351744K, 0% used [0x00000000e0000000,0x00000000e0000000,0x00000000f5780000)
  from space 19456K, 99% used [0x00000000f9500000,0x00000000fa7f9700,0x00000000fa800000)
  to   space 30208K, 0% used [0x00000000f6d00000,0x00000000f6d00000,0x00000000f8a80000)
 ParOldGen       total 189952K, used 111383K [0x00000000a0000000, 0x00000000ab980000, 0x00000000e0000000)
  object space 189952K, 58% used [0x00000000a0000000,0x00000000a6cc5fa0,0x00000000ab980000)
 Metaspace       used 108147K, capacity 115594K, committed 116504K, reserved 1150976K
  class space    used 13176K, capacity 14414K, committed 14616K, reserved 1048576K
}
Event: 20649.529 GC heap before
{Heap before GC invocations=125 (full 6):
 PSYoungGen      total 371200K, used 371173K [0x00000000e0000000, 0x00000000fa800000, 0x0000000100000000)
  eden space 351744K, 100% used [0x00000000e0000000,0x00000000f5780000,0x00000000f5780000)
  from space 19456K, 99% used [0x00000000f9500000,0x00000000fa7f9700,0x00000000fa800000)
  to   space 30208K, 0% used [0x00000000f6d00000,0x00000000f6d00000,0x00000000f8a80000)
 ParOldGen       total 189952K, used 111383K [0x00000000a0000000, 0x00000000ab980000, 0x00000000e0000000)
  object space 189952K, 58% used [0x00000000a0000000,0x00000000a6cc5fa0,0x00000000ab980000)
 Metaspace       used 111019K, capacity 118982K, committed 119320K, reserved 1153024K
  class space    used 13660K, capacity 15021K, committed 15128K, reserved 1048576K
Event: 20649.552 GC heap after
Heap after GC invocations=125 (full 6):
 PSYoungGen      total 361984K, used 24050K [0x00000000e0000000, 0x00000000f9580000, 0x0000000100000000)
  eden space 337920K, 0% used [0x00000000e0000000,0x00000000e0000000,0x00000000f4a00000)
  from space 24064K, 99% used [0x00000000f6d00000,0x00000000f847cbb8,0x00000000f8480000)
  to   space 17408K, 0% used [0x00000000f8480000,0x00000000f8480000,0x00000000f9580000)
 ParOldGen       total 189952K, used 111391K [0x00000000a0000000, 0x00000000ab980000, 0x00000000e0000000)
  object space 189952K, 58% used [0x00000000a0000000,0x00000000a6cc7fa0,0x00000000ab980000)
 Metaspace       used 111019K, capacity 118982K, committed 119320K, reserved 1153024K
  class space    used 13660K, capacity 15021K, committed 15128K, reserved 1048576K
}
Event: 23089.274 GC heap before
{Heap before GC invocations=126 (full 6):
 PSYoungGen      total 361984K, used 361970K [0x00000000e0000000, 0x00000000f9580000, 0x0000000100000000)
  eden space 337920K, 100% used [0x00000000e0000000,0x00000000f4a00000,0x00000000f4a00000)
  from space 24064K, 99% used [0x00000000f6d00000,0x00000000f847cbb8,0x00000000f8480000)
  to   space 17408K, 0% used [0x00000000f8480000,0x00000000f8480000,0x00000000f9580000)
 ParOldGen       total 189952K, used 111391K [0x00000000a0000000, 0x00000000ab980000, 0x00000000e0000000)
  object space 189952K, 58% used [0x00000000a0000000,0x00000000a6cc7fa0,0x00000000ab980000)
 Metaspace       used 115434K, capacity 123766K, committed 123800K, reserved 1157120K
  class space    used 14270K, capacity 15743K, committed 15768K, reserved 1048576K
Event: 23089.308 GC heap after
Heap after GC invocations=126 (full 6):
 PSYoungGen      total 342016K, used 17392K [0x00000000e0000000, 0x00000000f9580000, 0x0000000100000000)
  eden space 324608K, 0% used [0x00000000e0000000,0x00000000e0000000,0x00000000f3d00000)
  from space 17408K, 99% used [0x00000000f8480000,0x00000000f957c060,0x00000000f9580000)
  to   space 36864K, 0% used [0x00000000f4d80000,0x00000000f4d80000,0x00000000f7180000)
 ParOldGen       total 189952K, used 125457K [0x00000000a0000000, 0x00000000ab980000, 0x00000000e0000000)
  object space 189952K, 66% used [0x00000000a0000000,0x00000000a7a84540,0x00000000ab980000)
 Metaspace       used 115434K, capacity 123766K, committed 123800K, reserved 1157120K
  class space    used 14270K, capacity 15743K, committed 15768K, reserved 1048576K
}

